*** Using Compiler 'V5.06 update 6 (build 750)', folder: 'D:\keil_v5\ARM\ARMCC\Bin'
Build target 'Target 1'
assembling startup_stm32f10x_md.s...
compiling ml_delay.c...
compiling ml_tim.c...
compiling system_stm32f10x.c...
compiling ml_nvic.c...
compiling ml_pwm.c...
compiling ml_gpio.c...
compiling ml_uart.c...
compiling ml_iic.c...
compiling ml_adc.c...
compiling ml_exti.c...
compiling main.c...
compiling ml_oled.c...
compiling ml_mpu6050.c...
..\ML_LIBS\ml_mpu6050.c(116): warning:  #177-D: variable "acc_yaw"  was declared but never referenced
      float acc_roll,acc_pitch,acc_yaw;
..\ML_LIBS\ml_mpu6050.c: 1 warning, 0 errors
compiling isr.c...
linking...
Program Size: Code=2032 RO-data=268 RW-data=12 ZI-data=1636  
FromELF: creating hex file...
".\Objects\Project.axf" - 0 Error(s), 1 Warning(s).
Build Time Elapsed:  00:00:02
